<?xml version="1.0" encoding="UTF-8"?>
<!-- Generated by org.testng.reporters.JUnitXMLReporter -->
<testsuite hostname="GiangNguyen" ignored="3" name="Default test(failed)" tests="2" failures="2" timestamp="08 Mar 2017 09:59:38 GMT" time="13.765" errors="0">
  <testcase name="TC3_checkTitleBudgetRanking" time="3.822" classname="com.codelovers.timeset.frontend.HomePage">
    <failure type="java.lang.AssertionError" message="expected:&amp;lt;予算達成ランキング&amp;gt; but was:&amp;lt;予算ランキング&amp;gt;">
      <![CDATA[java.lang.AssertionError: expected:<予算達成ランキング> but was:<予算ランキング>
	at com.codelovers.timeset.frontend.HomePage.TC3_checkTitleBudgetRanking(HomePage.java:66)
... Removed 27 stack frames]]>
    </failure>
  </testcase> <!-- TC3_checkTitleBudgetRanking -->
  <testcase name="TC4_checkTitleBudgetSale" time="0.727" classname="com.codelovers.timeset.frontend.HomePage">
    <failure type="java.lang.AssertionError" message="expected:&amp;lt;昨年対比ランキング&amp;gt; but was:&amp;lt;Frontend&amp;gt;">
      <![CDATA[java.lang.AssertionError: expected:<昨年対比ランキング> but was:<Frontend>
	at com.codelovers.timeset.frontend.HomePage.TC4_checkTitleBudgetSale(HomePage.java:74)
... Removed 27 stack frames]]>
    </failure>
  </testcase> <!-- TC4_checkTitleBudgetSale -->
  <testcase name="TC5_checkTitlePosts" time="0.0" classname="com.codelovers.timeset.frontend.HomePage">
    <ignored/>
  </testcase> <!-- TC5_checkTitlePosts -->
  <testcase name="TC1_checkTitleHomePage" time="0.0" classname="com.codelovers.timeset.frontend.HomePage">
    <ignored/>
  </testcase> <!-- TC1_checkTitleHomePage -->
  <testcase name="TC2_checkTitleDailySettlement" time="0.0" classname="com.codelovers.timeset.frontend.HomePage">
    <ignored/>
  </testcase> <!-- TC2_checkTitleDailySettlement -->
</testsuite> <!-- Default test(failed) -->
