<?xml version="1.0" encoding="UTF-8"?>
<!-- Generated by org.testng.reporters.JUnitXMLReporter -->
<testsuite hostname="GiangNguyen" ignored="0" name="chrome test" tests="3" failures="0" timestamp="05 Apr 2017 08:25:50 GMT" time="28.946" errors="0">
  <testcase name="A2_TC01" time="0.141" classname="com.codelovers.timeset.admin.A2AddPostPage"/>
  <testcase name="A2_TC02" time="1.237" classname="com.codelovers.timeset.admin.A2AddPostPage"/>
  <testcase name="A2_TC03" time="0.944" classname="com.codelovers.timeset.admin.A2AddPostPage"/>
</testsuite> <!-- chrome test -->
