<?xml version="1.0" encoding="UTF-8"?>
<!-- Generated by org.testng.reporters.JUnitXMLReporter -->
<testsuite hostname="GiangNguyen" ignored="1" name="Default test" tests="8" failures="8" timestamp="28 Mar 2017 09:26:38 GMT" time="0.094" errors="0">
  <testcase name="TC01_CheckPageTitle" time="0.0" classname="com.codelovers.timeset.frontend.LoginPage">
    <failure type="java.lang.NullPointerException">
      <![CDATA[java.lang.NullPointerException
	at com.codelovers.timeset.frontend.LoginPage.TC01_CheckPageTitle(LoginPage.java:36)
... Removed 25 stack frames]]>
    </failure>
  </testcase> <!-- TC01_CheckPageTitle -->
  <testcase name="TC02_CheckTextCompany" time="0.0" classname="com.codelovers.timeset.frontend.LoginPage">
    <failure type="java.lang.NullPointerException">
      <![CDATA[java.lang.NullPointerException
	at com.codelovers.timeset.frontend.LoginPage.TC02_CheckTextCompany(LoginPage.java:42)
... Removed 25 stack frames]]>
    </failure>
  </testcase> <!-- TC02_CheckTextCompany -->
  <testcase name="TC03_CheckTextForm" time="0.0" classname="com.codelovers.timeset.frontend.LoginPage">
    <failure type="java.lang.NullPointerException">
      <![CDATA[java.lang.NullPointerException
	at com.codelovers.timeset.frontend.LoginPage.TC03_CheckTextForm(LoginPage.java:48)
... Removed 25 stack frames]]>
    </failure>
  </testcase> <!-- TC03_CheckTextForm -->
  <testcase name="TC04_CheckTextPlacehodlerUsername" time="0.016" classname="com.codelovers.timeset.frontend.LoginPage">
    <failure type="java.lang.NullPointerException">
      <![CDATA[java.lang.NullPointerException
	at com.codelovers.timeset.frontend.LoginPage.TC04_CheckTextPlacehodlerUsername(LoginPage.java:54)
... Removed 25 stack frames]]>
    </failure>
  </testcase> <!-- TC04_CheckTextPlacehodlerUsername -->
  <testcase name="TC05_CheckTextPlacehodlerPW" time="0.0" classname="com.codelovers.timeset.frontend.LoginPage">
    <failure type="java.lang.NullPointerException">
      <![CDATA[java.lang.NullPointerException
	at com.codelovers.timeset.frontend.LoginPage.TC05_CheckTextPlacehodlerPW(LoginPage.java:60)
... Removed 25 stack frames]]>
    </failure>
  </testcase> <!-- TC05_CheckTextPlacehodlerPW -->
  <testcase name="TC06_CheckTextSubmitButton" time="0.015" classname="com.codelovers.timeset.frontend.LoginPage">
    <failure type="java.lang.NullPointerException">
      <![CDATA[java.lang.NullPointerException
	at com.codelovers.timeset.frontend.LoginPage.TC06_CheckTextSubmitButton(LoginPage.java:66)
... Removed 25 stack frames]]>
    </failure>
  </testcase> <!-- TC06_CheckTextSubmitButton -->
  <testcase name="TC07_CheckTextRememberLogin" time="0.0" classname="com.codelovers.timeset.frontend.LoginPage">
    <failure type="java.lang.NullPointerException">
      <![CDATA[java.lang.NullPointerException
	at com.codelovers.timeset.frontend.LoginPage.TC07_CheckTextRememberLogin(LoginPage.java:72)
... Removed 25 stack frames]]>
    </failure>
  </testcase> <!-- TC07_CheckTextRememberLogin -->
  <testcase name="TC08_CheckTextForgotPW" time="0.0" classname="com.codelovers.timeset.frontend.LoginPage">
    <failure type="java.lang.NullPointerException">
      <![CDATA[java.lang.NullPointerException
	at com.codelovers.timeset.frontend.LoginPage.TC08_CheckTextForgotPW(LoginPage.java:78)
... Removed 25 stack frames]]>
    </failure>
  </testcase> <!-- TC08_CheckTextForgotPW -->
  <testcase name="TC09_RightUsernameWrongPassword" time="0.0" classname="com.codelovers.timeset.frontend.LoginPage">
    <ignored/>
  </testcase> <!-- TC09_RightUsernameWrongPassword -->
</testsuite> <!-- Default test -->
