<?xml version="1.0" encoding="UTF-8"?>
<testng-results skipped="0" failed="0" ignored="0" total="1" passed="1">
  <reporter-output>
  </reporter-output>
  <suite name="Default suite" duration-ms="1232" started-at="2017-04-14T07:52:18Z" finished-at="2017-04-14T07:52:19Z">
    <groups>
    </groups>
    <test name="Default test" duration-ms="1232" started-at="2017-04-14T07:52:18Z" finished-at="2017-04-14T07:52:19Z">
      <class name="com.codelovers.timeset.admin.CampaignPointPage">
        <test-method status="PASS" signature="setUp()[pri:0, instance:com.codelovers.timeset.admin.CampaignPointPage@ae45eb6]" name="setUp" is-config="true" duration-ms="6026" started-at="2017-04-14T14:52:12Z" finished-at="2017-04-14T14:52:18Z">
          <reporter-output>
          </reporter-output>
        </test-method> <!-- setUp -->
        <test-method status="PASS" signature="PHP_TC01()[pri:0, instance:com.codelovers.timeset.admin.CampaignPointPage@ae45eb6]" name="PHP_TC01" duration-ms="1207" started-at="2017-04-14T14:52:18Z" description="Chọn Company1, Office 1, tháng 4-2017 " finished-at="2017-04-14T14:52:19Z">
          <reporter-output>
          </reporter-output>
        </test-method> <!-- PHP_TC01 -->
      </class> <!-- com.codelovers.timeset.admin.CampaignPointPage -->
    </test> <!-- Default test -->
  </suite> <!-- Default suite -->
</testng-results>
