<?xml version="1.0" encoding="UTF-8"?>
<testng-results skipped="0" failed="0" ignored="0" total="1" passed="1">
  <reporter-output>
  </reporter-output>
  <suite name="Default suite" duration-ms="14774" started-at="2017-07-19T07:39:15Z" finished-at="2017-07-19T07:39:30Z">
    <groups>
    </groups>
    <test name="Default test" duration-ms="14774" started-at="2017-07-19T07:39:15Z" finished-at="2017-07-19T07:39:30Z">
      <class name="com.codelovers.timeset.frontend.logInTimeset">
        <test-method status="PASS" signature="setUp()[pri:0, instance:com.codelovers.timeset.frontend.logInTimeset@59f99ea]" name="setUp" is-config="true" duration-ms="9284" started-at="2017-07-19T14:39:15Z" finished-at="2017-07-19T14:39:24Z">
          <reporter-output>
          </reporter-output>
        </test-method> <!-- setUp -->
        <test-method status="PASS" signature="TC_001()[pri:0, instance:com.codelovers.timeset.frontend.logInTimeset@59f99ea]" name="TC_001" duration-ms="5464" started-at="2017-07-19T14:39:24Z" description="Login without right ID and right Pass" finished-at="2017-07-19T14:39:30Z">
          <reporter-output>
          </reporter-output>
        </test-method> <!-- TC_001 -->
      </class> <!-- com.codelovers.timeset.frontend.logInTimeset -->
    </test> <!-- Default test -->
  </suite> <!-- Default suite -->
</testng-results>
